<?xml version="1.0" encoding="utf-8"?><testsuites name="pytest tests"><testsuite name="pytest" errors="0" failures="0" skipped="0" tests="30" time="6.454" timestamp="2026-03-12T11:02:05.894031+00:00" hostname="agent-env-1652bb0c-da7a-4902-90df-a9fed69bbc38"><testcase classname="backend.tests.test_chatbot_api.TestChatbotSettings" name="test_get_settings_returns_default" time="0.599" /><testcase classname="backend.tests.test_chatbot_api.TestChatbotSettings" name="test_update_settings" time="0.216" /><testcase classname="backend.tests.test_chatbot_api.TestChatbotCategories" name="test_get_categories_empty_or_list" time="0.097" /><testcase classname="backend.tests.test_chatbot_api.TestChatbotCategories" name="test_create_category" time="0.109" /><testcase classname="backend.tests.test_chatbot_api.TestChatbotCategories" name="test_create_and_get_category_persisted" time="0.207" /><testcase classname="backend.tests.test_chatbot_api.TestChatbotCategories" name="test_update_category" time="0.263" /><testcase classname="backend.tests.test_chatbot_api.TestChatbotCategories" name="test_delete_category" time="0.264" /><testcase classname="backend.tests.test_chatbot_api.TestChatbotCategories" name="test_delete_nonexistent_category" time="0.127" /><testcase classname="backend.tests.test_chatbot_api.TestChatbotProducts" name="test_get_products_empty_or_list" time="0.113" /><testcase classname="backend.tests.test_chatbot_api.TestChatbotProducts" name="test_create_product" time="0.238" /><testcase classname="backend.tests.test_chatbot_api.TestChatbotProducts" name="test_create_product_invalid_category" time="0.125" /><testcase classname="backend.tests.test_chatbot_api.TestChatbotProducts" name="test_get_products_with_filters" time="0.322" /><testcase classname="backend.tests.test_chatbot_api.TestChatbotProducts" name="test_update_product" time="0.267" /><testcase classname="backend.tests.test_chatbot_api.TestChatbotProducts" name="test_delete_product" time="0.265" /><testcase classname="backend.tests.test_chatbot_api.TestChatbotProducts" name="test_bulk_upload_products" time="0.330" /><testcase classname="backend.tests.test_chatbot_api.TestChatbotQuestions" name="test_get_questions_for_category" time="0.203" /><testcase classname="backend.tests.test_chatbot_api.TestChatbotQuestions" name="test_create_question_text_type" time="0.244" /><testcase classname="backend.tests.test_chatbot_api.TestChatbotQuestions" name="test_create_question_button_type" time="0.230" /><testcase classname="backend.tests.test_chatbot_api.TestChatbotQuestions" name="test_create_question_list_type" time="0.208" /><testcase classname="backend.tests.test_chatbot_api.TestChatbotQuestions" name="test_create_question_invalid_category" time="0.108" /><testcase classname="backend.tests.test_chatbot_api.TestChatbotQuestions" name="test_update_question" time="0.268" /><testcase classname="backend.tests.test_chatbot_api.TestChatbotQuestions" name="test_delete_question" time="0.255" /><testcase classname="backend.tests.test_chatbot_api.TestChatbotQuestions" name="test_reorder_questions" time="0.359" /><testcase classname="backend.tests.test_chatbot_api.TestChatbotLeads" name="test_get_leads_list" time="0.104" /><testcase classname="backend.tests.test_chatbot_api.TestChatbotLeads" name="test_get_leads_with_filters" time="0.167" /><testcase classname="backend.tests.test_chatbot_api.TestChatbotLeads" name="test_update_lead_status_nonexistent" time="0.093" /><testcase classname="backend.tests.test_chatbot_api.TestChatbotLeads" name="test_delete_lead_nonexistent" time="0.113" /><testcase classname="backend.tests.test_chatbot_api.TestChatbotLeads" name="test_export_leads_csv" time="0.108" /><testcase classname="backend.tests.test_chatbot_api.TestChatbotStats" name="test_get_stats" time="0.124" /><testcase classname="backend.tests.test_chatbot_api.TestChatbotCleanup" name="test_cleanup_test_categories" time="0.162" /></testsuite></testsuites>