<?xml version="1.0" encoding="utf-8"?><testsuites name="pytest tests"><testsuite name="pytest" errors="0" failures="0" skipped="0" tests="10" time="5.453" timestamp="2026-08-29T10:03:08.454503+00:00" hostname="agent-env-55a758aa-c7d3-44bc-be1a-8b880680dde7"><testcase classname="tests.test_chunked_campaign.TestChunkedHappyPath" name="test_init_chunks_start_30k" time="3.844" /><testcase classname="tests.test_chunked_campaign.TestChunkedValidation" name="test_init_blank_name" time="0.042" /><testcase classname="tests.test_chunked_campaign.TestChunkedValidation" name="test_init_missing_total_count" time="0.041" /><testcase classname="tests.test_chunked_campaign.TestChunkedValidation" name="test_init_drip_limit_above_account_limit" time="0.043" /><testcase classname="tests.test_chunked_campaign.TestChunkedValidation" name="test_append_after_start_and_start_twice" time="0.279" /><testcase classname="tests.test_chunked_campaign.TestChunkedValidation" name="test_start_with_zero_recipients" time="0.129" /><testcase classname="tests.test_chunked_campaign.TestChunkedValidation" name="test_other_users_campaign_404" time="0.085" /><testcase classname="tests.test_chunked_campaign.TestChunkedValidation" name="test_unauthenticated_rejected" time="0.109" /><testcase classname="tests.test_chunked_campaign.TestSingleRequestRegression" name="test_send_50_recipients_normalizes_phone" time="0.212" /><testcase classname="tests.test_chunked_campaign.TestSingleRequestRegression" name="test_send_blank_name_rejected" time="0.618" /></testsuite></testsuites>