<?xml version="1.0" encoding="utf-8"?><testsuites name="pytest tests"><testsuite name="pytest" errors="0" failures="0" skipped="0" tests="34" time="3.963" timestamp="2026-03-11T12:54:26.631882+00:00" hostname="agent-env-c688c525-48b4-4786-8cf5-c2adffb80ab6"><testcase classname="backend.tests.test_comprehensive_api.TestAuthentication" name="test_01_health_check" time="0.152" /><testcase classname="backend.tests.test_comprehensive_api.TestAuthentication" name="test_02_login_admin_success" time="0.483" /><testcase classname="backend.tests.test_comprehensive_api.TestAuthentication" name="test_03_login_user_success" time="0.332" /><testcase classname="backend.tests.test_comprehensive_api.TestAuthentication" name="test_04_login_invalid_credentials" time="0.159" /><testcase classname="backend.tests.test_comprehensive_api.TestAuthentication" name="test_05_get_me_with_daily_usage" time="0.394" /><testcase classname="backend.tests.test_comprehensive_api.TestUserManagement" name="test_01_admin_get_all_users" time="0.414" /><testcase classname="backend.tests.test_comprehensive_api.TestUserManagement" name="test_02_user_cannot_get_all_users" time="0.070" /><testcase classname="backend.tests.test_comprehensive_api.TestUserManagement" name="test_03_admin_update_user_limit" time="0.110" /><testcase classname="backend.tests.test_comprehensive_api.TestUserManagement" name="test_04_admin_update_user_features" time="0.143" /><testcase classname="backend.tests.test_comprehensive_api.TestUserManagement" name="test_05_admin_pause_unpause_user" time="0.111" /><testcase classname="backend.tests.test_comprehensive_api.TestTemplates" name="test_01_get_templates" time="0.066" /><testcase classname="backend.tests.test_comprehensive_api.TestTemplates" name="test_02_create_template" time="0.066" /><testcase classname="backend.tests.test_comprehensive_api.TestTemplates" name="test_03_delete_template" time="0.051" /><testcase classname="backend.tests.test_comprehensive_api.TestCampaigns" name="test_01_get_campaigns" time="0.064" /><testcase classname="backend.tests.test_comprehensive_api.TestCampaigns" name="test_02_get_campaign_404" time="0.056" /><testcase classname="backend.tests.test_comprehensive_api.TestReminders" name="test_01_get_reminders" time="0.053" /><testcase classname="backend.tests.test_comprehensive_api.TestReminders" name="test_02_get_reminder_settings" time="0.054" /><testcase classname="backend.tests.test_comprehensive_api.TestReminders" name="test_03_update_reminder_settings" time="0.064" /><testcase classname="backend.tests.test_comprehensive_api.TestReminders" name="test_04_delete_reminder_404" time="0.051" /><testcase classname="backend.tests.test_comprehensive_api.TestContacts" name="test_01_get_contacts" time="0.063" /><testcase classname="backend.tests.test_comprehensive_api.TestContacts" name="test_02_create_contact" time="0.060" /><testcase classname="backend.tests.test_comprehensive_api.TestContacts" name="test_03_update_contact" time="0.061" /><testcase classname="backend.tests.test_comprehensive_api.TestContacts" name="test_04_delete_contact" time="0.054" /><testcase classname="backend.tests.test_comprehensive_api.TestContacts" name="test_05_get_contact_groups" time="0.050" /><testcase classname="backend.tests.test_comprehensive_api.TestContacts" name="test_06_create_contact_group" time="0.111" /><testcase classname="backend.tests.test_comprehensive_api.TestContacts" name="test_07_get_auto_message_settings" time="0.050" /><testcase classname="backend.tests.test_comprehensive_api.TestContacts" name="test_08_update_auto_message_settings" time="0.053" /><testcase classname="backend.tests.test_comprehensive_api.TestIndiamart" name="test_01_get_indiamart_settings" time="0.054" /><testcase classname="backend.tests.test_comprehensive_api.TestIndiamart" name="test_02_update_indiamart_settings" time="0.050" /><testcase classname="backend.tests.test_comprehensive_api.TestIndiamart" name="test_03_get_indiamart_leads" time="0.063" /><testcase classname="backend.tests.test_comprehensive_api.TestIndiamart" name="test_04_webhook_invalid_secret" time="0.168" /><testcase classname="backend.tests.test_comprehensive_api.TestIndiamart" name="test_05_update_lead_404" time="0.060" /><testcase classname="backend.tests.test_comprehensive_api.TestIndiamart" name="test_06_resend_lead_message_404" time="0.049" /><testcase classname="backend.tests.test_comprehensive_api.TestDailyLimitReset" name="test_01_auth_me_returns_reset_fields" time="0.058" /></testsuite></testsuites>