<?xml version="1.0" encoding="utf-8"?><testsuites name="pytest tests"><testsuite name="pytest" errors="0" failures="0" skipped="0" tests="11" time="1.652" timestamp="2026-08-29T05:54:18.856334+00:00" hostname="agent-env-55a758aa-c7d3-44bc-be1a-8b880680dde7"><testcase classname="tests.test_drip_and_campaign_name.TestAccount" name="test_me_returns_daily_limit" time="0.475" /><testcase classname="tests.test_drip_and_campaign_name.TestCampaignNameRequired" name="test_blank_campaign_name_rejected[]" time="0.044" /><testcase classname="tests.test_drip_and_campaign_name.TestCampaignNameRequired" name="test_blank_campaign_name_rejected[   ]" time="0.048" /><testcase classname="tests.test_drip_and_campaign_name.TestDripValidation" name="test_drip_without_per_day_rejected" time="0.041" /><testcase classname="tests.test_drip_and_campaign_name.TestDripValidation" name="test_drip_over_account_limit_rejected" time="0.087" /><testcase classname="tests.test_drip_and_campaign_name.TestDripValidation" name="test_drip_at_exact_account_limit_allowed" time="0.090" /><testcase classname="tests.test_drip_and_campaign_name.TestDripCampaignCreation" name="test_create_drip_start_now" time="0.089" /><testcase classname="tests.test_drip_and_campaign_name.TestDripCampaignCreation" name="test_create_drip_future_start" time="0.090" /><testcase classname="tests.test_drip_and_campaign_name.TestNonDripRegression" name="test_normal_campaign_creation" time="0.090" /><testcase classname="tests.test_drip_and_campaign_name.TestNonDripRegression" name="test_scheduled_campaign_creation" time="0.091" /><testcase classname="tests.test_drip_and_campaign_name.TestNonDripRegression" name="test_campaigns_list_includes_created" time="0.389" /></testsuite></testsuites>