<?xml version="1.0" encoding="utf-8"?><testsuites name="pytest tests"><testsuite name="pytest" errors="0" failures="0" skipped="0" tests="41" time="18.181" timestamp="2026-04-02T06:15:49.409054+00:00" hostname="agent-env-1652bb0c-da7a-4902-90df-a9fed69bbc38"><testcase classname="tests.test_full_app_api.TestHealthCheck" name="test_health_endpoint" time="0.200" /><testcase classname="tests.test_full_app_api.TestAuthLogin" name="test_login_admin_success" time="0.374" /><testcase classname="tests.test_full_app_api.TestAuthLogin" name="test_login_user_success" time="0.333" /><testcase classname="tests.test_full_app_api.TestAuthLogin" name="test_login_invalid_credentials" time="0.101" /><testcase classname="tests.test_full_app_api.TestAuthMe" name="test_get_current_user" time="0.474" /><testcase classname="tests.test_full_app_api.TestAuthMe" name="test_get_me_without_token" time="0.126" /><testcase classname="tests.test_full_app_api.TestAdminLoginAs" name="test_admin_login_as_user" time="0.485" /><testcase classname="tests.test_full_app_api.TestAdminLoginAs" name="test_non_admin_login_as_rejected" time="0.431" /><testcase classname="tests.test_full_app_api.TestAdminLoginAs" name="test_login_as_nonexistent_user" time="0.448" /><testcase classname="tests.test_full_app_api.TestAdminUserManagement" name="test_admin_list_users" time="0.447" /><testcase classname="tests.test_full_app_api.TestAdminUserManagement" name="test_admin_update_user_features" time="0.418" /><testcase classname="tests.test_full_app_api.TestAdminUserManagement" name="test_admin_update_daily_limit" time="0.427" /><testcase classname="tests.test_full_app_api.TestChatbotSettings" name="test_get_chatbot_settings" time="0.420" /><testcase classname="tests.test_full_app_api.TestChatbotSettings" name="test_update_chatbot_settings" time="0.471" /><testcase classname="tests.test_full_app_api.TestChatbotCategories" name="test_create_category_with_trigger_keywords" time="0.415" /><testcase classname="tests.test_full_app_api.TestChatbotCategories" name="test_list_categories" time="0.423" /><testcase classname="tests.test_full_app_api.TestChatbotCategories" name="test_update_category" time="0.647" /><testcase classname="tests.test_full_app_api.TestChatbotCategories" name="test_delete_category_cascades" time="0.623" /><testcase classname="tests.test_full_app_api.TestChatbotProducts" name="test_create_product" time="0.612" /><testcase classname="tests.test_full_app_api.TestChatbotProducts" name="test_list_products_with_filters" time="0.807" /><testcase classname="tests.test_full_app_api.TestChatbotProducts" name="test_bulk_upload_products" time="0.645" /><testcase classname="tests.test_full_app_api.TestChatbotProducts" name="test_delete_product" time="0.699" /><testcase classname="tests.test_full_app_api.TestChatbotQuestions" name="test_create_question" time="0.636" /><testcase classname="tests.test_full_app_api.TestChatbotQuestions" name="test_list_questions" time="0.751" /><testcase classname="tests.test_full_app_api.TestChatbotQuestions" name="test_reorder_questions" time="0.825" /><testcase classname="tests.test_full_app_api.TestChatbotQuestions" name="test_delete_question" time="0.721" /><testcase classname="tests.test_full_app_api.TestChatbotLeads" name="test_list_leads" time="0.413" /><testcase classname="tests.test_full_app_api.TestChatbotLeads" name="test_list_leads_with_status_filter" time="0.424" /><testcase classname="tests.test_full_app_api.TestChatbotLeads" name="test_export_leads_csv" time="0.423" /><testcase classname="tests.test_full_app_api.TestChatbotStats" name="test_get_chatbot_stats" time="0.425" /><testcase classname="tests.test_full_app_api.TestWebhook" name="test_verify_universal_webhook" time="0.102" /><testcase classname="tests.test_full_app_api.TestWebhook" name="test_verify_legacy_webhook" time="0.101" /><testcase classname="tests.test_full_app_api.TestWebhook" name="test_universal_webhook_ignores_old_message" time="0.092" /><testcase classname="tests.test_full_app_api.TestWebhook" name="test_universal_webhook_deduplication" time="0.226" /><testcase classname="tests.test_full_app_api.TestWebhook" name="test_legacy_webhook_post" time="0.099" /><testcase classname="tests.test_full_app_api.TestCampaigns" name="test_retry_failed_nonexistent_campaign" time="0.417" /><testcase classname="tests.test_full_app_api.TestContacts" name="test_list_contacts" time="0.433" /><testcase classname="tests.test_full_app_api.TestContacts" name="test_create_contact" time="0.526" /><testcase classname="tests.test_full_app_api.TestReminders" name="test_list_reminders" time="0.414" /><testcase classname="tests.test_full_app_api.TestIndiamart" name="test_get_indiamart_settings" time="0.417" /><testcase classname="tests.test_full_app_api.TestCleanup" name="test_cleanup_test_categories" time="0.553" /></testsuite></testsuites>