<?xml version="1.0" encoding="utf-8"?><testsuites name="pytest tests"><testsuite name="pytest" errors="0" failures="0" skipped="1" tests="21" time="2.409" timestamp="2026-01-21T10:28:37.303653+00:00" hostname="agent-env-ed0f0d06-02ac-44ef-aa09-a6f6013aa54c"><testcase classname="tests.test_reminder_bot.TestAuth" name="test_login_success" time="0.298" /><testcase classname="tests.test_reminder_bot.TestAuth" name="test_login_invalid_credentials" time="0.036" /><testcase classname="tests.test_reminder_bot.TestTimezones" name="test_get_timezones" time="0.041" /><testcase classname="tests.test_reminder_bot.TestReminderNumbers" name="test_get_reminder_numbers" time="0.298" /><testcase classname="tests.test_reminder_bot.TestReminderNumbers" name="test_create_reminder_number" time="0.038" /><testcase classname="tests.test_reminder_bot.TestReminderNumbers" name="test_create_duplicate_number_fails" time="0.078" /><testcase classname="tests.test_reminder_bot.TestReminderNumbers" name="test_create_number_invalid_timezone" time="0.036" /><testcase classname="tests.test_reminder_bot.TestReminderNumbers" name="test_delete_reminder_number" time="0.040"><skipped type="pytest.skip" message="Could not create number to delete">/app/tests/test_reminder_bot.py:152: Could not create number to delete</skipped></testcase><testcase classname="tests.test_reminder_bot.TestReminderNumbers" name="test_delete_nonexistent_number" time="0.040" /><testcase classname="tests.test_reminder_bot.TestReminderSettings" name="test_get_settings" time="0.301" /><testcase classname="tests.test_reminder_bot.TestReminderSettings" name="test_update_settings_template" time="0.100" /><testcase classname="tests.test_reminder_bot.TestReminderSettings" name="test_update_settings_empty_fails" time="0.039" /><testcase classname="tests.test_reminder_bot.TestReminders" name="test_get_reminders_all" time="0.294" /><testcase classname="tests.test_reminder_bot.TestReminders" name="test_get_reminders_with_filter" time="0.264" /><testcase classname="tests.test_reminder_bot.TestReminders" name="test_create_reminder_direct" time="0.090" /><testcase classname="tests.test_reminder_bot.TestReminders" name="test_create_reminder_past_time_fails" time="0.036" /><testcase classname="tests.test_reminder_bot.TestReminders" name="test_create_reminder_invalid_number_fails" time="0.034" /><testcase classname="tests.test_reminder_bot.TestReminders" name="test_delete_reminder" time="0.113" /><testcase classname="tests.test_reminder_bot.TestReminders" name="test_delete_nonexistent_reminder" time="0.038" /><testcase classname="tests.test_reminder_bot.TestReminders" name="test_create_reminder_nlp_without_api_key" time="0.035" /><testcase classname="tests.test_reminder_bot.TestHealthAndVersion" name="test_health_check" time="0.033" /></testsuite></testsuites>