<?xml version="1.0" encoding="utf-8"?><testsuites name="pytest tests"><testsuite name="pytest" errors="0" failures="1" skipped="0" tests="48" time="15.138" timestamp="2026-02-28T11:26:18.059676+00:00" hostname="agent-env-641f46eb-0790-43ae-9b2f-cb919827d6a3"><testcase classname="tests.test_security.TestAuthentication" name="test_login_admin_success" time="0.523" /><testcase classname="tests.test_security.TestAuthentication" name="test_login_user_success" time="0.793" /><testcase classname="tests.test_security.TestAuthentication" name="test_login_invalid_credentials" time="0.155" /><testcase classname="tests.test_security.TestAuthentication" name="test_login_empty_password" time="0.396" /><testcase classname="tests.test_security.TestAuthentication" name="test_login_sql_injection_email" time="0.145" /><testcase classname="tests.test_security.TestAuthentication" name="test_login_nosql_injection_email" time="0.162" /><testcase classname="tests.test_security.TestAuthentication" name="test_login_nosql_injection_password" time="0.148" /><testcase classname="tests.test_security.TestJWTSecurity" name="test_access_without_token" time="0.151" /><testcase classname="tests.test_security.TestJWTSecurity" name="test_access_with_invalid_token" time="0.142" /><testcase classname="tests.test_security.TestJWTSecurity" name="test_access_with_expired_token" time="0.148" /><testcase classname="tests.test_security.TestJWTSecurity" name="test_access_with_tampered_token" time="0.147" /><testcase classname="tests.test_security.TestJWTSecurity" name="test_access_with_forged_admin_role" time="0.155" /><testcase classname="tests.test_security.TestJWTSecurity" name="test_none_algorithm_attack" time="0.142" /><testcase classname="tests.test_security.TestAuthorization" name="test_user_cannot_access_admin_users_list" time="0.559" /><testcase classname="tests.test_security.TestAuthorization" name="test_user_cannot_register_new_users" time="0.147" /><testcase classname="tests.test_security.TestAuthorization" name="test_user_cannot_pause_other_users" time="0.675" /><testcase classname="tests.test_security.TestAuthorization" name="test_admin_can_access_users_list" time="0.172" /><testcase classname="tests.test_security.TestAuthorization" name="test_admin_can_see_all_reminders" time="0.145" /><testcase classname="tests.test_security.TestIDOR" name="test_user_cannot_view_other_user_profile" time="1.226" /><testcase classname="tests.test_security.TestIDOR" name="test_user_cannot_modify_other_user_profile" time="0.308" /><testcase classname="tests.test_security.TestIDOR" name="test_user_cannot_delete_other_user_reminder_number" time="0.160" /><testcase classname="tests.test_security.TestIDOR" name="test_user_cannot_access_other_user_reminder" time="0.300"><failure message="AssertionError: Expected 404 for IDOR, got 200&#10;assert 200 == 404&#10; +  where 200 = &lt;Response [200]&gt;.status_code">tests/test_security.py:457: in test_user_cannot_access_other_user_reminder
    assert response.status_code == 404, f"Expected 404 for IDOR, got {response.status_code}"
E   AssertionError: Expected 404 for IDOR, got 200
E   assert 200 == 404
E    +  where 200 = &lt;Response [200]&gt;.status_code</failure></testcase><testcase classname="tests.test_security.TestNoSQLInjection" name="test_nosql_injection_in_reminder_number_phone" time="0.536" /><testcase classname="tests.test_security.TestNoSQLInjection" name="test_nosql_injection_in_reminder_title" time="0.315" /><testcase classname="tests.test_security.TestNoSQLInjection" name="test_nosql_injection_in_template_name" time="0.150" /><testcase classname="tests.test_security.TestNoSQLInjection" name="test_nosql_regex_injection" time="0.146" /><testcase classname="tests.test_security.TestXSS" name="test_xss_in_reminder_number_name" time="0.868" /><testcase classname="tests.test_security.TestXSS" name="test_xss_in_reminder_message" time="1.393" /><testcase classname="tests.test_security.TestXSS" name="test_xss_in_template_fields" time="0.321" /><testcase classname="tests.test_security.TestProtectedEndpoints" name="test_users_endpoint_requires_auth" time="0.159" /><testcase classname="tests.test_security.TestProtectedEndpoints" name="test_reminders_endpoint_requires_auth" time="0.157" /><testcase classname="tests.test_security.TestProtectedEndpoints" name="test_reminder_numbers_endpoint_requires_auth" time="0.148" /><testcase classname="tests.test_security.TestProtectedEndpoints" name="test_reminder_settings_endpoint_requires_auth" time="0.141" /><testcase classname="tests.test_security.TestProtectedEndpoints" name="test_saved_templates_endpoint_requires_auth" time="0.159" /><testcase classname="tests.test_security.TestProtectedEndpoints" name="test_campaigns_endpoint_requires_auth" time="0.151" /><testcase classname="tests.test_security.TestProtectedEndpoints" name="test_me_endpoint_requires_auth" time="0.150" /><testcase classname="tests.test_security.TestProtectedEndpoints" name="test_change_password_requires_auth" time="0.143" /><testcase classname="tests.test_security.TestProtectedEndpoints" name="test_register_requires_admin" time="0.158" /><testcase classname="tests.test_security.TestCORSConfiguration" name="test_cors_headers_present" time="0.106" /><testcase classname="tests.test_security.TestCORSConfiguration" name="test_cors_allows_credentials" time="0.174" /><testcase classname="tests.test_security.TestSensitiveDataExposure" name="test_password_not_in_user_response" time="0.525" /><testcase classname="tests.test_security.TestSensitiveDataExposure" name="test_password_not_in_users_list" time="0.154" /><testcase classname="tests.test_security.TestSensitiveDataExposure" name="test_mongodb_id_not_exposed" time="0.146" /><testcase classname="tests.test_security.TestSensitiveDataExposure" name="test_api_key_masked_in_settings" time="0.149" /><testcase classname="tests.test_security.TestWebhookSecurity" name="test_webhook_accepts_valid_payload" time="1.227" /><testcase classname="tests.test_security.TestWebhookSecurity" name="test_webhook_handles_missing_fields" time="0.144" /><testcase classname="tests.test_security.TestWebhookSecurity" name="test_webhook_verify_endpoint" time="0.159" /><testcase classname="tests.test_security.TestWebhookSecurity" name="test_webhook_challenge_response" time="0.159" /></testsuite></testsuites>