<?xml version="1.0" encoding="utf-8"?><testsuites name="pytest tests"><testsuite name="pytest" errors="0" failures="0" skipped="0" tests="48" time="15.081" timestamp="2026-02-28T11:27:28.862941+00:00" hostname="agent-env-641f46eb-0790-43ae-9b2f-cb919827d6a3"><testcase classname="tests.test_security.TestAuthentication" name="test_login_admin_success" time="0.449" /><testcase classname="tests.test_security.TestAuthentication" name="test_login_user_success" time="0.767" /><testcase classname="tests.test_security.TestAuthentication" name="test_login_invalid_credentials" time="0.177" /><testcase classname="tests.test_security.TestAuthentication" name="test_login_empty_password" time="0.381" /><testcase classname="tests.test_security.TestAuthentication" name="test_login_sql_injection_email" time="0.159" /><testcase classname="tests.test_security.TestAuthentication" name="test_login_nosql_injection_email" time="0.157" /><testcase classname="tests.test_security.TestAuthentication" name="test_login_nosql_injection_password" time="0.155" /><testcase classname="tests.test_security.TestJWTSecurity" name="test_access_without_token" time="0.145" /><testcase classname="tests.test_security.TestJWTSecurity" name="test_access_with_invalid_token" time="0.169" /><testcase classname="tests.test_security.TestJWTSecurity" name="test_access_with_expired_token" time="0.146" /><testcase classname="tests.test_security.TestJWTSecurity" name="test_access_with_tampered_token" time="0.157" /><testcase classname="tests.test_security.TestJWTSecurity" name="test_access_with_forged_admin_role" time="0.151" /><testcase classname="tests.test_security.TestJWTSecurity" name="test_none_algorithm_attack" time="0.153" /><testcase classname="tests.test_security.TestAuthorization" name="test_user_cannot_access_admin_users_list" time="0.539" /><testcase classname="tests.test_security.TestAuthorization" name="test_user_cannot_register_new_users" time="0.154" /><testcase classname="tests.test_security.TestAuthorization" name="test_user_cannot_pause_other_users" time="0.674" /><testcase classname="tests.test_security.TestAuthorization" name="test_admin_can_access_users_list" time="0.149" /><testcase classname="tests.test_security.TestAuthorization" name="test_admin_can_see_all_reminders" time="0.156" /><testcase classname="tests.test_security.TestIDOR" name="test_user_cannot_view_other_user_profile" time="1.224" /><testcase classname="tests.test_security.TestIDOR" name="test_user_cannot_modify_other_user_profile" time="0.324" /><testcase classname="tests.test_security.TestIDOR" name="test_user_cannot_delete_other_user_reminder_number" time="0.164" /><testcase classname="tests.test_security.TestIDOR" name="test_user_cannot_access_other_user_reminder" time="0.447" /><testcase classname="tests.test_security.TestNoSQLInjection" name="test_nosql_injection_in_reminder_number_phone" time="0.515" /><testcase classname="tests.test_security.TestNoSQLInjection" name="test_nosql_injection_in_reminder_title" time="0.309" /><testcase classname="tests.test_security.TestNoSQLInjection" name="test_nosql_injection_in_template_name" time="0.158" /><testcase classname="tests.test_security.TestNoSQLInjection" name="test_nosql_regex_injection" time="0.167" /><testcase classname="tests.test_security.TestXSS" name="test_xss_in_reminder_number_name" time="0.838" /><testcase classname="tests.test_security.TestXSS" name="test_xss_in_reminder_message" time="1.408" /><testcase classname="tests.test_security.TestXSS" name="test_xss_in_template_fields" time="0.314" /><testcase classname="tests.test_security.TestProtectedEndpoints" name="test_users_endpoint_requires_auth" time="0.169" /><testcase classname="tests.test_security.TestProtectedEndpoints" name="test_reminders_endpoint_requires_auth" time="0.142" /><testcase classname="tests.test_security.TestProtectedEndpoints" name="test_reminder_numbers_endpoint_requires_auth" time="0.155" /><testcase classname="tests.test_security.TestProtectedEndpoints" name="test_reminder_settings_endpoint_requires_auth" time="0.146" /><testcase classname="tests.test_security.TestProtectedEndpoints" name="test_saved_templates_endpoint_requires_auth" time="0.153" /><testcase classname="tests.test_security.TestProtectedEndpoints" name="test_campaigns_endpoint_requires_auth" time="0.146" /><testcase classname="tests.test_security.TestProtectedEndpoints" name="test_me_endpoint_requires_auth" time="0.143" /><testcase classname="tests.test_security.TestProtectedEndpoints" name="test_change_password_requires_auth" time="0.151" /><testcase classname="tests.test_security.TestProtectedEndpoints" name="test_register_requires_admin" time="0.154" /><testcase classname="tests.test_security.TestCORSConfiguration" name="test_cors_headers_present" time="0.104" /><testcase classname="tests.test_security.TestCORSConfiguration" name="test_cors_allows_credentials" time="0.156" /><testcase classname="tests.test_security.TestSensitiveDataExposure" name="test_password_not_in_user_response" time="0.530" /><testcase classname="tests.test_security.TestSensitiveDataExposure" name="test_password_not_in_users_list" time="0.150" /><testcase classname="tests.test_security.TestSensitiveDataExposure" name="test_mongodb_id_not_exposed" time="0.146" /><testcase classname="tests.test_security.TestSensitiveDataExposure" name="test_api_key_masked_in_settings" time="0.158" /><testcase classname="tests.test_security.TestWebhookSecurity" name="test_webhook_accepts_valid_payload" time="1.199" /><testcase classname="tests.test_security.TestWebhookSecurity" name="test_webhook_handles_missing_fields" time="0.156" /><testcase classname="tests.test_security.TestWebhookSecurity" name="test_webhook_verify_endpoint" time="0.142" /><testcase classname="tests.test_security.TestWebhookSecurity" name="test_webhook_challenge_response" time="0.158" /></testsuite></testsuites>