<?xml version="1.0" encoding="utf-8"?><testsuites name="pytest tests"><testsuite name="pytest" errors="0" failures="0" skipped="0" tests="19" time="3.692" timestamp="2026-04-20T10:05:20.128679+00:00" hostname="agent-env-a5077242-5013-4bd8-bba0-ce3e0676b135"><testcase classname="backend.tests.test_simplified_chatbot.TestAuth" name="test_admin_login" time="0.489" /><testcase classname="backend.tests.test_simplified_chatbot.TestAuth" name="test_user_login" time="0.387" /><testcase classname="backend.tests.test_simplified_chatbot.TestChatbotSettings" name="test_get_settings_returns_webhook_url" time="0.425" /><testcase classname="backend.tests.test_simplified_chatbot.TestChatbotSettings" name="test_update_settings" time="0.219" /><testcase classname="backend.tests.test_simplified_chatbot.TestChatbotFlowsCRUD" name="test_create_flow" time="0.105" /><testcase classname="backend.tests.test_simplified_chatbot.TestChatbotFlowsCRUD" name="test_get_all_flows" time="0.151" /><testcase classname="backend.tests.test_simplified_chatbot.TestChatbotFlowsCRUD" name="test_get_single_flow" time="0.111" /><testcase classname="backend.tests.test_simplified_chatbot.TestChatbotFlowsCRUD" name="test_update_flow" time="0.259" /><testcase classname="backend.tests.test_simplified_chatbot.TestChatbotFlowsCRUD" name="test_get_nonexistent_flow_returns_404" time="0.117" /><testcase classname="backend.tests.test_simplified_chatbot.TestChatbotLeads" name="test_get_leads_with_filters" time="0.105" /><testcase classname="backend.tests.test_simplified_chatbot.TestChatbotLeads" name="test_get_leads_with_status_filter" time="0.112" /><testcase classname="backend.tests.test_simplified_chatbot.TestChatbotLeads" name="test_get_leads_with_pagination" time="0.103" /><testcase classname="backend.tests.test_simplified_chatbot.TestChatbotLeads" name="test_update_lead_status" time="0.218" /><testcase classname="backend.tests.test_simplified_chatbot.TestChatbotLeads" name="test_update_nonexistent_lead_returns_404" time="0.104" /><testcase classname="backend.tests.test_simplified_chatbot.TestChatbotLeadsExport" name="test_export_leads_csv" time="0.111" /><testcase classname="backend.tests.test_simplified_chatbot.TestChatbotStats" name="test_get_stats" time="0.109" /><testcase classname="backend.tests.test_simplified_chatbot.TestRetryFailedEndpoint" name="test_retry_failed_nonexistent_campaign_returns_404" time="0.094" /><testcase classname="backend.tests.test_simplified_chatbot.TestCleanup" name="test_delete_test_flow" time="0.236" /><testcase classname="backend.tests.test_simplified_chatbot.TestCleanup" name="test_cleanup_all_test_flows" time="0.101" /></testsuite></testsuites>