<?xml version="1.0" encoding="utf-8"?><testsuites name="pytest tests"><testsuite name="pytest" errors="0" failures="0" skipped="0" tests="13" time="1.721" timestamp="2026-03-10T09:01:03.542631+00:00" hostname="agent-env-c688c525-48b4-4786-8cf5-c2adffb80ab6"><testcase classname="backend.tests.test_template_variable_count.TestReminderSettingsTemplateVariableCount" name="test_get_reminder_settings_returns_template_variable_count" time="0.392" /><testcase classname="backend.tests.test_template_variable_count.TestReminderSettingsTemplateVariableCount" name="test_update_reminder_settings_template_variable_count_to_1" time="0.099" /><testcase classname="backend.tests.test_template_variable_count.TestReminderSettingsTemplateVariableCount" name="test_update_reminder_settings_template_variable_count_to_3" time="0.092" /><testcase classname="backend.tests.test_template_variable_count.TestReminderSettingsTemplateVariableCount" name="test_update_reminder_settings_template_variable_count_to_5" time="0.102" /><testcase classname="backend.tests.test_template_variable_count.TestAutoMessageSettingsTemplateVariableCount" name="test_get_auto_message_settings_returns_variable_counts" time="0.055" /><testcase classname="backend.tests.test_template_variable_count.TestAutoMessageSettingsTemplateVariableCount" name="test_update_birthday_template_variable_count" time="0.092" /><testcase classname="backend.tests.test_template_variable_count.TestAutoMessageSettingsTemplateVariableCount" name="test_update_anniversary_template_variable_count" time="0.098" /><testcase classname="backend.tests.test_template_variable_count.TestAutoMessageSettingsTemplateVariableCount" name="test_update_both_variable_counts_together" time="0.092" /><testcase classname="backend.tests.test_template_variable_count.TestRegularUserTemplateVariableCount" name="test_regular_user_can_access_reminder_settings" time="0.385" /><testcase classname="backend.tests.test_template_variable_count.TestRegularUserTemplateVariableCount" name="test_regular_user_can_update_template_variable_count" time="0.103" /><testcase classname="backend.tests.test_template_variable_count.TestRegularUserTemplateVariableCount" name="test_regular_user_can_access_auto_message_settings" time="0.056" /><testcase classname="backend.tests.test_template_variable_count.TestDefaultValues" name="test_reminder_settings_default_value" time="0.045" /><testcase classname="backend.tests.test_template_variable_count.TestDefaultValues" name="test_auto_message_settings_default_values" time="0.045" /></testsuite></testsuites>